Activating service name='com.canonical.Unity.Scope.Home'
Successfully activated service 'com.canonical.Unity.Scope.Home'

(unity-scope-home:2455): unity-scope-home-WARNING **: platform-info.vala:112: Unable to read SIM properties: GDBus.Error:org.freedesktop.DBus.Error.ServiceUnknown: The name org.ofono was not provided by any .service files
Activating service name='com.canonical.Unity.Scope.Applications'
Activating service name='com.canonical.Unity.Scope.File.Gdrive'
Activating service name='com.canonical.Unity.Scope.LocalFiles'
Activating service name='com.canonical.Unity.Scope.Music'

(process:2474): unity-files-daemon-WARNING **: folder.vala:65: Failed to read favorites: Falló al abrir el archivo «/home/francisco/.gtk-bookmarks»: No existe el archivo o el directorio
Successfully activated service 'com.canonical.Unity.Scope.LocalFiles'
Successfully activated service 'com.canonical.Unity.Scope.Music'

(unity-music-daemon:2476): unity-music-daemon-WARNING **: rhythmbox-collection.vala:510: Unable to open album-art DB!

(unity-music-daemon:2476): unity-music-daemon-WARNING **: rhythmbox-collection.vala:574: Error while parsing rhythmbox DB: Error al abrir el archivo: No existe el archivo o el directorio
Successfully activated service 'com.canonical.Unity.Scope.File.Gdrive'
Successfully activated service 'com.canonical.Unity.Scope.Applications'

(unity-scope-home:2455): Json-CRITICAL **: json_object_get_object_member: assertion 'node != NULL' failed

(unity-scope-home:2455): Json-CRITICAL **: json_object_get_object_member: assertion 'node != NULL' failed

(unity-scope-home:2455): Json-CRITICAL **: json_object_get_object_member: assertion 'node != NULL' failed

(unity-scope-home:2455): Json-CRITICAL **: json_object_get_object_member: assertion 'node != NULL' failed

(unity-scope-home:2455): Json-CRITICAL **: json_object_get_object_member: assertion 'node != NULL' failed

(unity-scope-home:2455): Json-CRITICAL **: json_object_get_object_member: assertion 'node != NULL' failed

(unity-scope-home:2455): Json-CRITICAL **: json_object_get_object_member: assertion 'node != NULL' failed

(unity-scope-home:2455): Json-CRITICAL **: json_object_get_object_member: assertion 'node != NULL' failed

(unity-scope-home:2455): Json-CRITICAL **: json_object_get_object_member: assertion 'node != NULL' failed

(unity-scope-home:2455): Json-CRITICAL **: json_object_get_object_member: assertion 'node != NULL' failed

(unity-scope-home:2455): Json-CRITICAL **: json_object_get_object_member: assertion 'node != NULL' failed

(unity-scope-home:2455): Json-CRITICAL **: json_object_get_object_member: assertion 'node != NULL' failed

(unity-scope-home:2455): Json-CRITICAL **: json_object_get_object_member: assertion 'node != NULL' failed

(unity-scope-home:2455): Json-CRITICAL **: json_object_get_object_member: assertion 'node != NULL' failed

(unity-scope-home:2455): Json-CRITICAL **: json_object_get_object_member: assertion 'node != NULL' failed

(unity-scope-home:2455): Json-CRITICAL **: json_object_get_object_member: assertion 'node != NULL' failed

(unity-scope-home:2455): Json-CRITICAL **: json_object_get_object_member: assertion 'node != NULL' failed

(unity-scope-home:2455): Json-CRITICAL **: json_object_get_object_member: assertion 'node != NULL' failed

(unity-scope-home:2455): Json-CRITICAL **: json_object_get_object_member: assertion 'node != NULL' failed

(unity-scope-home:2455): Json-CRITICAL **: json_object_get_object_member: assertion 'node != NULL' failed

** (zeitgeist-fts:2177): WARNING **: Unable to get info on application://nautilus-autostart.desktop
